<?xml version="1.0" encoding="UTF-8"?>
<testng-results ignored="0" total="1" passed="1" failed="0" skipped="0">
  <reporter-output>
  </reporter-output>
  <suite started-at="2023-03-13T15:02:27 IST" name="Default suite" finished-at="2023-03-13T15:02:59 IST" duration-ms="32064">
    <groups>
    </groups>
    <test started-at="2023-03-13T15:02:27 IST" name="Default test" finished-at="2023-03-13T15:02:59 IST" duration-ms="32064">
      <class name="TestLayer.LoginPageTest">
        <test-method is-config="true" signature="setUp()[pri:0, instance:TestLayer.LoginPageTest@20140db9]" started-at="2023-03-13T15:02:27 IST" name="setUp" finished-at="2023-03-13T15:02:36 IST" duration-ms="8120" status="PASS">
          <reporter-output>
          </reporter-output>
        </test-method> <!-- setUp -->
        <test-method signature="validateLoginFunctionality()[pri:0, instance:TestLayer.LoginPageTest@20140db9]" started-at="2023-03-13T15:02:36 IST" name="validateLoginFunctionality" finished-at="2023-03-13T15:02:59 IST" duration-ms="23873" status="PASS">
          <reporter-output>
          </reporter-output>
        </test-method> <!-- validateLoginFunctionality -->
        <test-method is-config="true" signature="tearDown()[pri:0, instance:TestLayer.LoginPageTest@20140db9]" started-at="2023-03-13T15:02:59 IST" name="tearDown" finished-at="2023-03-13T15:02:59 IST" duration-ms="0" status="PASS">
          <reporter-output>
          </reporter-output>
        </test-method> <!-- tearDown -->
      </class> <!-- TestLayer.LoginPageTest -->
    </test> <!-- Default test -->
  </suite> <!-- Default suite -->
</testng-results>
